# JRE version: Java(TM) SE Runtime Environment (8.0_281-b09) (build 1.8.0_281-b09)
# Java VM: Java HotSpot(TM) 64-Bit Server VM (25.281-b09 mixed mode windows-amd64 compressed oops)
Heap:
 PSYoungGen      total 614400K, used 324727K [0x00000000d5580000, 0x00000000ff980000, 0x0000000100000000)
  eden space 545792K, 55% used [0x00000000d5580000,0x00000000e7f8be38,0x00000000f6a80000)
  from space 68608K, 28% used [0x00000000fb680000,0x00000000fc992110,0x00000000ff980000)
  to   space 73216K, 0% used [0x00000000f6a80000,0x00000000f6a80000,0x00000000fb200000)
 ParOldGen       total 345600K, used 256164K [0x0000000080000000, 0x0000000095180000, 0x00000000d5580000)
  object space 345600K, 74% used [0x0000000080000000,0x000000008fa293b0,0x0000000095180000)
 Metaspace       used 115904K, capacity 123940K, committed 124160K, reserved 1157120K
  class space    used 15560K, capacity 17054K, committed 17152K, reserved 1048576K
GC Heap History (10 events):
Event: 1950.710 GC heap before
{Heap before GC invocations=26 (full 4):
 PSYoungGen      total 540160K, used 474660K [0x00000000d5580000, 0x00000000ffe00000, 0x0000000100000000)
  eden space 445440K, 100% used [0x00000000d5580000,0x00000000f0880000,0x00000000f0880000)
  from space 94720K, 30% used [0x00000000f0880000,0x00000000f2509088,0x00000000f6500000)
  to   space 89088K, 0% used [0x00000000fa700000,0x00000000fa700000,0x00000000ffe00000)
 ParOldGen       total 345600K, used 243029K [0x0000000080000000, 0x0000000095180000, 0x00000000d5580000)
  object space 345600K, 70% used [0x0000000080000000,0x000000008ed55640,0x0000000095180000)
 Metaspace       used 112816K, capacity 119680K, committed 119808K, reserved 1153024K
  class space    used 15206K, capacity 16568K, committed 16640K, reserved 1048576K
Event: 1950.776 GC heap after
Heap after GC invocations=26 (full 4):
 PSYoungGen      total 590336K, used 32648K [0x00000000d5580000, 0x00000000ff080000, 0x0000000100000000)
  eden space 515072K, 0% used [0x00000000d5580000,0x00000000d5580000,0x00000000f4c80000)
  from space 75264K, 43% used [0x00000000fa700000,0x00000000fc6e2178,0x00000000ff080000)
  to   space 83968K, 0% used [0x00000000f4c80000,0x00000000f4c80000,0x00000000f9e80000)
 ParOldGen       total 345600K, used 243037K [0x0000000080000000, 0x0000000095180000, 0x00000000d5580000)
  object space 345600K, 70% used [0x0000000080000000,0x000000008ed57640,0x0000000095180000)
 Metaspace       used 112816K, capacity 119680K, committed 119808K, reserved 1153024K
  class space    used 15206K, capacity 16568K, committed 16640K, reserved 1048576K
}
Event: 1952.680 GC heap before
{Heap before GC invocations=27 (full 4):
 PSYoungGen      total 590336K, used 547720K [0x00000000d5580000, 0x00000000ff080000, 0x0000000100000000)
  eden space 515072K, 100% used [0x00000000d5580000,0x00000000f4c80000,0x00000000f4c80000)
  from space 75264K, 43% used [0x00000000fa700000,0x00000000fc6e2178,0x00000000ff080000)
  to   space 83968K, 0% used [0x00000000f4c80000,0x00000000f4c80000,0x00000000f9e80000)
 ParOldGen       total 345600K, used 243037K [0x0000000080000000, 0x0000000095180000, 0x00000000d5580000)
  object space 345600K, 70% used [0x0000000080000000,0x000000008ed57640,0x0000000095180000)
 Metaspace       used 113165K, capacity 120102K, committed 120320K, reserved 1153024K
  class space    used 15228K, capacity 16623K, committed 16640K, reserved 1048576K
Event: 1952.767 GC heap after
Heap after GC invocations=27 (full 4):
 PSYoungGen      total 599040K, used 26042K [0x00000000d5580000, 0x0000000100000000, 0x0000000100000000)
  eden space 515072K, 0% used [0x00000000d5580000,0x00000000d5580000,0x00000000f4c80000)
  from space 83968K, 31% used [0x00000000f4c80000,0x00000000f65ee910,0x00000000f9e80000)
  to   space 80384K, 0% used [0x00000000fb180000,0x00000000fb180000,0x0000000100000000)
 ParOldGen       total 345600K, used 250215K [0x0000000080000000, 0x0000000095180000, 0x00000000d5580000)
  object space 345600K, 72% used [0x0000000080000000,0x000000008f459cf8,0x0000000095180000)
 Metaspace       used 113165K, capacity 120102K, committed 120320K, reserved 1153024K
  class space    used 15228K, capacity 16623K, committed 16640K, reserved 1048576K
}
Event: 1957.818 GC heap before
{Heap before GC invocations=28 (full 4):
 PSYoungGen      total 599040K, used 541114K [0x00000000d5580000, 0x0000000100000000, 0x0000000100000000)
  eden space 515072K, 100% used [0x00000000d5580000,0x00000000f4c80000,0x00000000f4c80000)
  from space 83968K, 31% used [0x00000000f4c80000,0x00000000f65ee910,0x00000000f9e80000)
  to   space 80384K, 0% used [0x00000000fb180000,0x00000000fb180000,0x0000000100000000)
 ParOldGen       total 345600K, used 250215K [0x0000000080000000, 0x0000000095180000, 0x00000000d5580000)
  object space 345600K, 72% used [0x0000000080000000,0x000000008f459cf8,0x0000000095180000)
 Metaspace       used 113296K, capacity 120222K, committed 120320K, reserved 1153024K
  class space    used 15234K, capacity 16631K, committed 16640K, reserved 1048576K
Event: 1957.842 GC heap after
Heap after GC invocations=28 (full 4):
 PSYoungGen      total 606208K, used 19956K [0x00000000d5580000, 0x00000000ff780000, 0x0000000100000000)
  eden space 534528K, 0% used [0x00000000d5580000,0x00000000d5580000,0x00000000f5f80000)
  from space 71680K, 27% used [0x00000000fb180000,0x00000000fc4fd020,0x00000000ff780000)
  to   space 77824K, 0% used [0x00000000f5f80000,0x00000000f5f80000,0x00000000fab80000)
 ParOldGen       total 345600K, used 256084K [0x0000000080000000, 0x0000000095180000, 0x00000000d5580000)
  object space 345600K, 74% used [0x0000000080000000,0x000000008fa153b0,0x0000000095180000)
 Metaspace       used 113296K, capacity 120222K, committed 120320K, reserved 1153024K
  class space    used 15234K, capacity 16631K, committed 16640K, reserved 1048576K
}
Event: 2575.432 GC heap before
{Heap before GC invocations=29 (full 4):
 PSYoungGen      total 606208K, used 554484K [0x00000000d5580000, 0x00000000ff780000, 0x0000000100000000)
  eden space 534528K, 100% used [0x00000000d5580000,0x00000000f5f80000,0x00000000f5f80000)
  from space 71680K, 27% used [0x00000000fb180000,0x00000000fc4fd020,0x00000000ff780000)
  to   space 77824K, 0% used [0x00000000f5f80000,0x00000000f5f80000,0x00000000fab80000)
 ParOldGen       total 345600K, used 256084K [0x0000000080000000, 0x0000000095180000, 0x00000000d5580000)
  object space 345600K, 74% used [0x0000000080000000,0x000000008fa153b0,0x0000000095180000)
 Metaspace       used 114970K, capacity 122358K, committed 122624K, reserved 1155072K
  class space    used 15448K, capacity 16853K, committed 16896K, reserved 1048576K
Event: 2575.452 GC heap after
Heap after GC invocations=29 (full 4):
 PSYoungGen      total 612352K, used 37377K [0x00000000d5580000, 0x0000000100000000, 0x0000000100000000)
  eden space 534528K, 0% used [0x00000000d5580000,0x00000000d5580000,0x00000000f5f80000)
  from space 77824K, 48% used [0x00000000f5f80000,0x00000000f84004d8,0x00000000fab80000)
  to   space 75264K, 0% used [0x00000000fb680000,0x00000000fb680000,0x0000000100000000)
 ParOldGen       total 345600K, used 256156K [0x0000000080000000, 0x0000000095180000, 0x00000000d5580000)
  object space 345600K, 74% used [0x0000000080000000,0x000000008fa273b0,0x0000000095180000)
 Metaspace       used 114970K, capacity 122358K, committed 122624K, reserved 1155072K
  class space    used 15448K, capacity 16853K, committed 16896K, reserved 1048576K
}
Event: 2662.448 GC heap before
{Heap before GC invocations=30 (full 4):
 PSYoungGen      total 612352K, used 571905K [0x00000000d5580000, 0x0000000100000000, 0x0000000100000000)
  eden space 534528K, 100% used [0x00000000d5580000,0x00000000f5f80000,0x00000000f5f80000)
  from space 77824K, 48% used [0x00000000f5f80000,0x00000000f84004d8,0x00000000fab80000)
  to   space 75264K, 0% used [0x00000000fb680000,0x00000000fb680000,0x0000000100000000)
 ParOldGen       total 345600K, used 256156K [0x0000000080000000, 0x0000000095180000, 0x00000000d5580000)
  object space 345600K, 74% used [0x0000000080000000,0x000000008fa273b0,0x0000000095180000)
 Metaspace       used 115660K, capacity 123396K, committed 123520K, reserved 1155072K
  class space    used 15524K, capacity 16968K, committed 17024K, reserved 1048576K
Event: 2662.479 GC heap after
Heap after GC invocations=30 (full 4):
 PSYoungGen      total 614400K, used 19528K [0x00000000d5580000, 0x00000000ff980000, 0x0000000100000000)
  eden space 545792K, 0% used [0x00000000d5580000,0x00000000d5580000,0x00000000f6a80000)
  from space 68608K, 28% used [0x00000000fb680000,0x00000000fc992110,0x00000000ff980000)
  to   space 73216K, 0% used [0x00000000f6a80000,0x00000000f6a80000,0x00000000fb200000)
 ParOldGen       total 345600K, used 256164K [0x0000000080000000, 0x0000000095180000, 0x00000000d5580000)
  object space 345600K, 74% used [0x0000000080000000,0x000000008fa293b0,0x0000000095180000)
 Metaspace       used 115660K, capacity 123396K, committed 123520K, reserved 1155072K
  class space    used 15524K, capacity 16968K, committed 17024K, reserved 1048576K
}

