# JRE version: OpenJDK Runtime Environment (11.0.13) (build 11.0.13+0-b1751.21-8125866)
# Java VM: OpenJDK 64-Bit Server VM (11.0.13+0-b1751.21-8125866, mixed mode, tiered, compressed oops, g1 gc, windows-amd64)
Heap:
 garbage-first heap   total 534528K, used 226572K [0x0000000080000000, 0x0000000100000000)
  region size 1024K, 4 young (4096K), 4 survivors (4096K)
 Metaspace       used 97537K, capacity 100228K, committed 100564K, reserved 1136640K
  class space    used 12701K, capacity 13739K, committed 13824K, reserved 1048576K
GC Heap History (20 events):
Event: 51.518 GC heap after
{Heap after GC invocations=38 (full 0):
 garbage-first heap   total 225280K, used 108275K [0x0000000080000000, 0x0000000100000000)
  region size 1024K, 9 young (9216K), 9 survivors (9216K)
 Metaspace       used 89098K, capacity 91432K, committed 91732K, reserved 1128448K
  class space    used 11406K, capacity 12309K, committed 12416K, reserved 1048576K
}
Event: 51.927 GC heap before
{Heap before GC invocations=39 (full 0):
 garbage-first heap   total 225280K, used 148211K [0x0000000080000000, 0x0000000100000000)
  region size 1024K, 34 young (34816K), 9 survivors (9216K)
 Metaspace       used 90461K, capacity 92860K, committed 92884K, reserved 1130496K
  class space    used 11616K, capacity 12532K, committed 12544K, reserved 1048576K
}
Event: 51.946 GC heap after
{Heap after GC invocations=40 (full 0):
 garbage-first heap   total 225280K, used 130493K [0x0000000080000000, 0x0000000100000000)
  region size 1024K, 10 young (10240K), 10 survivors (10240K)
 Metaspace       used 90461K, capacity 92860K, committed 92884K, reserved 1130496K
  class space    used 11616K, capacity 12532K, committed 12544K, reserved 1048576K
}
Event: 52.293 GC heap before
{Heap before GC invocations=41 (full 0):
 garbage-first heap   total 225280K, used 183741K [0x0000000080000000, 0x0000000100000000)
  region size 1024K, 28 young (28672K), 10 survivors (10240K)
 Metaspace       used 91897K, capacity 94337K, committed 94420K, reserved 1130496K
  class space    used 11809K, capacity 12748K, committed 12800K, reserved 1048576K
}
Event: 52.307 GC heap after
{Heap after GC invocations=42 (full 0):
 garbage-first heap   total 270336K, used 158964K [0x0000000080000000, 0x0000000100000000)
  region size 1024K, 7 young (7168K), 7 survivors (7168K)
 Metaspace       used 91897K, capacity 94337K, committed 94420K, reserved 1130496K
  class space    used 11809K, capacity 12748K, committed 12800K, reserved 1048576K
}
Event: 53.000 GC heap before
{Heap before GC invocations=43 (full 0):
 garbage-first heap   total 270336K, used 222452K [0x0000000080000000, 0x0000000100000000)
  region size 1024K, 56 young (57344K), 7 survivors (7168K)
 Metaspace       used 93286K, capacity 95746K, committed 95956K, reserved 1132544K
  class space    used 12026K, capacity 12978K, committed 13056K, reserved 1048576K
}
Event: 53.026 GC heap after
{Heap after GC invocations=44 (full 0):
 garbage-first heap   total 270336K, used 181076K [0x0000000080000000, 0x0000000100000000)
  region size 1024K, 7 young (7168K), 7 survivors (7168K)
 Metaspace       used 93286K, capacity 95746K, committed 95956K, reserved 1132544K
  class space    used 12026K, capacity 12978K, committed 13056K, reserved 1048576K
}
Event: 53.034 GC heap before
{Heap before GC invocations=44 (full 0):
 garbage-first heap   total 270336K, used 182100K [0x0000000080000000, 0x0000000100000000)
  region size 1024K, 9 young (9216K), 7 survivors (7168K)
 Metaspace       used 93416K, capacity 95842K, committed 95956K, reserved 1132544K
  class space    used 12055K, capacity 13010K, committed 13056K, reserved 1048576K
}
Event: 53.050 GC heap after
{Heap after GC invocations=45 (full 0):
 garbage-first heap   total 270336K, used 182250K [0x0000000080000000, 0x0000000100000000)
  region size 1024K, 1 young (1024K), 1 survivors (1024K)
 Metaspace       used 93416K, capacity 95842K, committed 95956K, reserved 1132544K
  class space    used 12055K, capacity 13010K, committed 13056K, reserved 1048576K
}
Event: 53.403 GC heap before
{Heap before GC invocations=45 (full 0):
 garbage-first heap   total 270336K, used 208874K [0x0000000080000000, 0x0000000100000000)
  region size 1024K, 25 young (25600K), 1 survivors (1024K)
 Metaspace       used 93808K, capacity 96234K, committed 96596K, reserved 1132544K
  class space    used 12123K, capacity 13077K, committed 13184K, reserved 1048576K
}
Event: 53.431 GC heap after
{Heap after GC invocations=46 (full 0):
 garbage-first heap   total 270336K, used 193525K [0x0000000080000000, 0x0000000100000000)
  region size 1024K, 4 young (4096K), 4 survivors (4096K)
 Metaspace       used 93808K, capacity 96234K, committed 96596K, reserved 1132544K
  class space    used 12123K, capacity 13077K, committed 13184K, reserved 1048576K
}
Event: 53.640 GC heap before
{Heap before GC invocations=47 (full 0):
 garbage-first heap   total 270336K, used 214005K [0x0000000080000000, 0x0000000100000000)
  region size 1024K, 25 young (25600K), 4 survivors (4096K)
 Metaspace       used 94740K, capacity 97256K, committed 97492K, reserved 1134592K
  class space    used 12259K, capacity 13249K, committed 13312K, reserved 1048576K
}
Event: 53.669 GC heap after
{Heap after GC invocations=48 (full 0):
 garbage-first heap   total 324608K, used 198307K [0x0000000080000000, 0x0000000100000000)
  region size 1024K, 4 young (4096K), 4 survivors (4096K)
 Metaspace       used 94740K, capacity 97256K, committed 97492K, reserved 1134592K
  class space    used 12259K, capacity 13249K, committed 13312K, reserved 1048576K
}
Event: 53.702 GC heap before
{Heap before GC invocations=48 (full 0):
 garbage-first heap   total 324608K, used 203427K [0x0000000080000000, 0x0000000100000000)
  region size 1024K, 10 young (10240K), 4 survivors (4096K)
 Metaspace       used 94951K, capacity 97485K, committed 97748K, reserved 1134592K
  class space    used 12297K, capacity 13283K, committed 13312K, reserved 1048576K
}
Event: 53.717 GC heap after
{Heap after GC invocations=49 (full 0):
 garbage-first heap   total 324608K, used 200198K [0x0000000080000000, 0x0000000100000000)
  region size 1024K, 2 young (2048K), 2 survivors (2048K)
 Metaspace       used 94951K, capacity 97485K, committed 97748K, reserved 1134592K
  class space    used 12297K, capacity 13283K, committed 13312K, reserved 1048576K
}
Event: 54.208 GC heap before
{Heap before GC invocations=50 (full 0):
 garbage-first heap   total 324608K, used 233990K [0x0000000080000000, 0x0000000100000000)
  region size 1024K, 36 young (36864K), 2 survivors (2048K)
 Metaspace       used 95559K, capacity 98058K, committed 98132K, reserved 1134592K
  class space    used 12377K, capacity 13366K, committed 13440K, reserved 1048576K
}
Event: 54.266 GC heap after
{Heap after GC invocations=51 (full 0):
 garbage-first heap   total 324608K, used 212351K [0x0000000080000000, 0x0000000100000000)
  region size 1024K, 5 young (5120K), 5 survivors (5120K)
 Metaspace       used 95559K, capacity 98058K, committed 98132K, reserved 1134592K
  class space    used 12377K, capacity 13366K, committed 13440K, reserved 1048576K
}
Event: 54.316 GC heap before
{Heap before GC invocations=51 (full 0):
 garbage-first heap   total 324608K, used 218495K [0x0000000080000000, 0x0000000100000000)
  region size 1024K, 12 young (12288K), 5 survivors (5120K)
 Metaspace       used 95652K, capacity 98203K, committed 98388K, reserved 1134592K
  class space    used 12384K, capacity 13371K, committed 13440K, reserved 1048576K
}
Event: 54.343 GC heap after
{Heap after GC invocations=52 (full 0):
 garbage-first heap   total 324608K, used 215856K [0x0000000080000000, 0x0000000100000000)
  region size 1024K, 3 young (3072K), 3 survivors (3072K)
 Metaspace       used 95652K, capacity 98203K, committed 98388K, reserved 1134592K
  class space    used 12384K, capacity 13371K, committed 13440K, reserved 1048576K
}
Event: 55.060 GC heap before
{Heap before GC invocations=53 (full 0):
 garbage-first heap   total 324608K, used 245552K [0x0000000080000000, 0x0000000100000000)
  region size 1024K, 31 young (31744K), 3 survivors (3072K)
 Metaspace       used 97537K, capacity 100228K, committed 100564K, reserved 1136640K
  class space    used 12701K, capacity 13739K, committed 13824K, reserved 1048576K
}

