# JRE version: OpenJDK Runtime Environment (11.0.13) (build 11.0.13+0-b1751.21-8125866)
# Java VM: OpenJDK 64-Bit Server VM (11.0.13+0-b1751.21-8125866, mixed mode, tiered, compressed oops, g1 gc, windows-amd64)
Heap:
 garbage-first heap   total 695296K, used 244640K [0x0000000080000000, 0x0000000100000000)
  region size 1024K, 7 young (7168K), 7 survivors (7168K)
 Metaspace       used 129754K, capacity 133190K, committed 133320K, reserved 1165312K
  class space    used 15563K, capacity 16796K, committed 16920K, reserved 1048576K
GC Heap History (20 events):
Event: 434.607 GC heap after
{Heap after GC invocations=77 (full 0):
 garbage-first heap   total 253952K, used 190393K [0x0000000080000000, 0x0000000100000000)
  region size 1024K, 3 young (3072K), 3 survivors (3072K)
 Metaspace       used 127572K, capacity 130890K, committed 131016K, reserved 1163264K
  class space    used 15389K, capacity 16594K, committed 16664K, reserved 1048576K
}
Event: 435.385 GC heap before
{Heap before GC invocations=77 (full 0):
 garbage-first heap   total 253952K, used 212921K [0x0000000080000000, 0x0000000100000000)
  region size 1024K, 25 young (25600K), 3 survivors (3072K)
 Metaspace       used 128255K, capacity 131568K, committed 131912K, reserved 1165312K
  class space    used 15457K, capacity 16692K, committed 16792K, reserved 1048576K
}
Event: 435.391 GC heap after
{Heap after GC invocations=78 (full 0):
 garbage-first heap   total 253952K, used 191722K [0x0000000080000000, 0x0000000100000000)
  region size 1024K, 3 young (3072K), 3 survivors (3072K)
 Metaspace       used 128255K, capacity 131568K, committed 131912K, reserved 1165312K
  class space    used 15457K, capacity 16692K, committed 16792K, reserved 1048576K
}
Event: 435.740 GC heap before
{Heap before GC invocations=78 (full 0):
 garbage-first heap   total 253952K, used 214250K [0x0000000080000000, 0x0000000100000000)
  region size 1024K, 26 young (26624K), 3 survivors (3072K)
 Metaspace       used 128788K, capacity 132138K, committed 132424K, reserved 1165312K
  class space    used 15489K, capacity 16731K, committed 16792K, reserved 1048576K
}
Event: 435.760 GC heap after
{Heap after GC invocations=79 (full 0):
 garbage-first heap   total 253952K, used 194367K [0x0000000080000000, 0x0000000100000000)
  region size 1024K, 4 young (4096K), 4 survivors (4096K)
 Metaspace       used 128788K, capacity 132138K, committed 132424K, reserved 1165312K
  class space    used 15489K, capacity 16731K, committed 16792K, reserved 1048576K
}
Event: 435.994 GC heap before
{Heap before GC invocations=79 (full 0):
 garbage-first heap   total 253952K, used 215871K [0x0000000080000000, 0x0000000100000000)
  region size 1024K, 26 young (26624K), 4 survivors (4096K)
 Metaspace       used 128845K, capacity 132141K, committed 132424K, reserved 1165312K
  class space    used 15489K, capacity 16731K, committed 16792K, reserved 1048576K
}
Event: 436.014 GC heap after
{Heap after GC invocations=80 (full 0):
 garbage-first heap   total 253952K, used 199562K [0x0000000080000000, 0x0000000100000000)
  region size 1024K, 4 young (4096K), 4 survivors (4096K)
 Metaspace       used 128845K, capacity 132141K, committed 132424K, reserved 1165312K
  class space    used 15489K, capacity 16731K, committed 16792K, reserved 1048576K
}
Event: 436.158 GC heap before
{Heap before GC invocations=80 (full 0):
 garbage-first heap   total 253952K, used 219018K [0x0000000080000000, 0x0000000100000000)
  region size 1024K, 23 young (23552K), 4 survivors (4096K)
 Metaspace       used 128857K, capacity 132207K, committed 132424K, reserved 1165312K
  class space    used 15489K, capacity 16731K, committed 16792K, reserved 1048576K
}
Event: 436.172 GC heap after
{Heap after GC invocations=81 (full 0):
 garbage-first heap   total 253952K, used 202867K [0x0000000080000000, 0x0000000100000000)
  region size 1024K, 3 young (3072K), 3 survivors (3072K)
 Metaspace       used 128857K, capacity 132207K, committed 132424K, reserved 1165312K
  class space    used 15489K, capacity 16731K, committed 16792K, reserved 1048576K
}
Event: 436.359 GC heap before
{Heap before GC invocations=81 (full 0):
 garbage-first heap   total 253952K, used 220275K [0x0000000080000000, 0x0000000100000000)
  region size 1024K, 20 young (20480K), 3 survivors (3072K)
 Metaspace       used 128873K, capacity 132208K, committed 132424K, reserved 1165312K
  class space    used 15489K, capacity 16731K, committed 16792K, reserved 1048576K
}
Event: 436.376 GC heap after
{Heap after GC invocations=82 (full 0):
 garbage-first heap   total 362496K, used 204732K [0x0000000080000000, 0x0000000100000000)
  region size 1024K, 2 young (2048K), 2 survivors (2048K)
 Metaspace       used 128873K, capacity 132208K, committed 132424K, reserved 1165312K
  class space    used 15489K, capacity 16731K, committed 16792K, reserved 1048576K
}
Event: 436.814 GC heap before
{Heap before GC invocations=83 (full 0):
 garbage-first heap   total 362496K, used 271292K [0x0000000080000000, 0x0000000100000000)
  region size 1024K, 67 young (68608K), 2 survivors (2048K)
 Metaspace       used 128939K, capacity 132278K, committed 132424K, reserved 1165312K
  class space    used 15489K, capacity 16731K, committed 16792K, reserved 1048576K
}
Event: 436.876 GC heap after
{Heap after GC invocations=84 (full 0):
 garbage-first heap   total 362496K, used 234496K [0x0000000080000000, 0x0000000100000000)
  region size 1024K, 9 young (9216K), 9 survivors (9216K)
 Metaspace       used 128939K, capacity 132278K, committed 132424K, reserved 1165312K
  class space    used 15489K, capacity 16731K, committed 16792K, reserved 1048576K
}
Event: 437.486 GC heap before
{Heap before GC invocations=84 (full 0):
 garbage-first heap   total 362496K, used 279552K [0x0000000080000000, 0x0000000100000000)
  region size 1024K, 53 young (54272K), 9 survivors (9216K)
 Metaspace       used 128945K, capacity 132278K, committed 132424K, reserved 1165312K
  class space    used 15489K, capacity 16731K, committed 16792K, reserved 1048576K
}
Event: 437.512 GC heap after
{Heap after GC invocations=85 (full 0):
 garbage-first heap   total 362496K, used 238431K [0x0000000080000000, 0x0000000100000000)
  region size 1024K, 4 young (4096K), 4 survivors (4096K)
 Metaspace       used 128945K, capacity 132278K, committed 132424K, reserved 1165312K
  class space    used 15489K, capacity 16731K, committed 16792K, reserved 1048576K
}
Event: 437.750 GC heap before
{Heap before GC invocations=85 (full 0):
 garbage-first heap   total 362496K, used 284511K [0x0000000080000000, 0x0000000100000000)
  region size 1024K, 49 young (50176K), 4 survivors (4096K)
 Metaspace       used 128966K, capacity 132342K, committed 132424K, reserved 1165312K
  class space    used 15491K, capacity 16731K, committed 16792K, reserved 1048576K
}
Event: 437.758 GC heap after
{Heap after GC invocations=86 (full 0):
 garbage-first heap   total 362496K, used 238666K [0x0000000080000000, 0x0000000100000000)
  region size 1024K, 4 young (4096K), 4 survivors (4096K)
 Metaspace       used 128966K, capacity 132342K, committed 132424K, reserved 1165312K
  class space    used 15491K, capacity 16731K, committed 16792K, reserved 1048576K
}
Event: 438.021 GC heap before
{Heap before GC invocations=86 (full 0):
 garbage-first heap   total 362496K, used 288842K [0x0000000080000000, 0x0000000100000000)
  region size 1024K, 53 young (54272K), 4 survivors (4096K)
 Metaspace       used 128967K, capacity 132343K, committed 132424K, reserved 1165312K
  class space    used 15491K, capacity 16731K, committed 16792K, reserved 1048576K
}
Event: 438.034 GC heap after
{Heap after GC invocations=87 (full 0):
 garbage-first heap   total 362496K, used 242176K [0x0000000080000000, 0x0000000100000000)
  region size 1024K, 7 young (7168K), 7 survivors (7168K)
 Metaspace       used 128967K, capacity 132343K, committed 132424K, reserved 1165312K
  class space    used 15491K, capacity 16731K, committed 16792K, reserved 1048576K
}
Event: 438.969 GC heap before
{Heap before GC invocations=87 (full 0):
 garbage-first heap   total 362496K, used 293376K [0x0000000080000000, 0x0000000100000000)
  region size 1024K, 57 young (58368K), 7 survivors (7168K)
 Metaspace       used 129754K, capacity 133190K, committed 133320K, reserved 1165312K
  class space    used 15563K, capacity 16796K, committed 16920K, reserved 1048576K
}

