# JRE version: OpenJDK Runtime Environment (11.0.13) (build 11.0.13+0-b1751.21-8125866)
# Java VM: OpenJDK 64-Bit Server VM (11.0.13+0-b1751.21-8125866, mixed mode, tiered, compressed oops, g1 gc, windows-amd64)
Heap:
 garbage-first heap   total 359424K, used 189982K [0x0000000080000000, 0x0000000100000000)
  region size 1024K, 22 young (22528K), 6 survivors (6144K)
 Metaspace       used 143012K, capacity 146928K, committed 147408K, reserved 1177600K
  class space    used 17147K, capacity 18576K, committed 18816K, reserved 1048576K
GC Heap History (20 events):
Event: 474.962 GC heap before
{Heap before GC invocations=128 (full 0):
 garbage-first heap   total 359424K, used 272025K [0x0000000080000000, 0x0000000100000000)
  region size 1024K, 120 young (122880K), 14 survivors (14336K)
 Metaspace       used 142489K, capacity 146527K, committed 146768K, reserved 1177600K
  class space    used 17148K, capacity 18634K, committed 18688K, reserved 1048576K
}
Event: 474.998 GC heap after
{Heap after GC invocations=129 (full 0):
 garbage-first heap   total 359424K, used 169163K [0x0000000080000000, 0x0000000100000000)
  region size 1024K, 7 young (7168K), 7 survivors (7168K)
 Metaspace       used 142489K, capacity 146527K, committed 146768K, reserved 1177600K
  class space    used 17148K, capacity 18634K, committed 18688K, reserved 1048576K
}
Event: 475.489 GC heap before
{Heap before GC invocations=129 (full 0):
 garbage-first heap   total 359424K, used 278731K [0x0000000080000000, 0x0000000100000000)
  region size 1024K, 114 young (116736K), 7 survivors (7168K)
 Metaspace       used 142586K, capacity 146600K, committed 146768K, reserved 1177600K
  class space    used 17161K, capacity 18636K, committed 18688K, reserved 1048576K
}
Event: 475.505 GC heap after
{Heap after GC invocations=130 (full 0):
 garbage-first heap   total 359424K, used 170364K [0x0000000080000000, 0x0000000100000000)
  region size 1024K, 8 young (8192K), 8 survivors (8192K)
 Metaspace       used 142586K, capacity 146600K, committed 146768K, reserved 1177600K
  class space    used 17161K, capacity 18636K, committed 18688K, reserved 1048576K
}
Event: 477.662 GC heap before
{Heap before GC invocations=131 (full 0):
 garbage-first heap   total 359424K, used 284028K [0x0000000080000000, 0x0000000100000000)
  region size 1024K, 121 young (123904K), 8 survivors (8192K)
 Metaspace       used 142414K, capacity 146246K, committed 146768K, reserved 1177600K
  class space    used 17083K, capacity 18483K, committed 18688K, reserved 1048576K
}
Event: 477.681 GC heap after
{Heap after GC invocations=132 (full 0):
 garbage-first heap   total 359424K, used 173109K [0x0000000080000000, 0x0000000100000000)
  region size 1024K, 12 young (12288K), 12 survivors (12288K)
 Metaspace       used 142414K, capacity 146246K, committed 146768K, reserved 1177600K
  class space    used 17083K, capacity 18483K, committed 18688K, reserved 1048576K
}
Event: 477.705 GC heap before
{Heap before GC invocations=132 (full 0):
 garbage-first heap   total 359424K, used 178229K [0x0000000080000000, 0x0000000100000000)
  region size 1024K, 17 young (17408K), 12 survivors (12288K)
 Metaspace       used 142436K, capacity 146247K, committed 146768K, reserved 1177600K
  class space    used 17083K, capacity 18483K, committed 18688K, reserved 1048576K
}
Event: 477.741 GC heap after
{Heap after GC invocations=133 (full 0):
 garbage-first heap   total 359424K, used 167222K [0x0000000080000000, 0x0000000100000000)
  region size 1024K, 2 young (2048K), 2 survivors (2048K)
 Metaspace       used 142436K, capacity 146247K, committed 146768K, reserved 1177600K
  class space    used 17083K, capacity 18483K, committed 18688K, reserved 1048576K
}
Event: 478.390 GC heap before
{Heap before GC invocations=133 (full 0):
 garbage-first heap   total 359424K, used 287030K [0x0000000080000000, 0x0000000100000000)
  region size 1024K, 119 young (121856K), 2 survivors (2048K)
 Metaspace       used 142757K, capacity 146613K, committed 147024K, reserved 1177600K
  class space    used 17135K, capacity 18539K, committed 18688K, reserved 1048576K
}
Event: 478.404 GC heap after
{Heap after GC invocations=134 (full 0):
 garbage-first heap   total 359424K, used 170825K [0x0000000080000000, 0x0000000100000000)
  region size 1024K, 5 young (5120K), 5 survivors (5120K)
 Metaspace       used 142757K, capacity 146613K, committed 147024K, reserved 1177600K
  class space    used 17135K, capacity 18539K, committed 18688K, reserved 1048576K
}
Event: 479.038 GC heap before
{Heap before GC invocations=134 (full 0):
 garbage-first heap   total 359424K, used 292681K [0x0000000080000000, 0x0000000100000000)
  region size 1024K, 124 young (126976K), 5 survivors (5120K)
 Metaspace       used 142840K, capacity 146744K, committed 147280K, reserved 1177600K
  class space    used 17140K, capacity 18539K, committed 18688K, reserved 1048576K
}
Event: 479.047 GC heap after
{Heap after GC invocations=135 (full 0):
 garbage-first heap   total 359424K, used 171849K [0x0000000080000000, 0x0000000100000000)
  region size 1024K, 6 young (6144K), 6 survivors (6144K)
 Metaspace       used 142840K, capacity 146744K, committed 147280K, reserved 1177600K
  class space    used 17140K, capacity 18539K, committed 18688K, reserved 1048576K
}
Event: 479.692 GC heap before
{Heap before GC invocations=135 (full 0):
 garbage-first heap   total 359424K, used 294729K [0x0000000080000000, 0x0000000100000000)
  region size 1024K, 126 young (129024K), 6 survivors (6144K)
 Metaspace       used 142903K, capacity 146821K, committed 147280K, reserved 1177600K
  class space    used 17141K, capacity 18541K, committed 18688K, reserved 1048576K
}
Event: 479.704 GC heap after
{Heap after GC invocations=136 (full 0):
 garbage-first heap   total 359424K, used 172124K [0x0000000080000000, 0x0000000100000000)
  region size 1024K, 7 young (7168K), 7 survivors (7168K)
 Metaspace       used 142903K, capacity 146821K, committed 147280K, reserved 1177600K
  class space    used 17141K, capacity 18541K, committed 18688K, reserved 1048576K
}
Event: 481.047 GC heap before
{Heap before GC invocations=137 (full 0):
 garbage-first heap   total 359424K, used 295004K [0x0000000080000000, 0x0000000100000000)
  region size 1024K, 128 young (131072K), 7 survivors (7168K)
 Metaspace       used 142968K, capacity 146861K, committed 147408K, reserved 1177600K
  class space    used 17144K, capacity 18575K, committed 18816K, reserved 1048576K
}
Event: 481.065 GC heap after
{Heap after GC invocations=138 (full 0):
 garbage-first heap   total 359424K, used 171849K [0x0000000080000000, 0x0000000100000000)
  region size 1024K, 6 young (6144K), 6 survivors (6144K)
 Metaspace       used 142968K, capacity 146861K, committed 147408K, reserved 1177600K
  class space    used 17144K, capacity 18575K, committed 18816K, reserved 1048576K
}
Event: 481.114 GC heap before
{Heap before GC invocations=138 (full 0):
 garbage-first heap   total 359424K, used 183113K [0x0000000080000000, 0x0000000100000000)
  region size 1024K, 17 young (17408K), 6 survivors (6144K)
 Metaspace       used 142969K, capacity 146861K, committed 147408K, reserved 1177600K
  class space    used 17144K, capacity 18575K, committed 18816K, reserved 1048576K
}
Event: 481.160 GC heap after
{Heap after GC invocations=139 (full 0):
 garbage-first heap   total 359424K, used 171694K [0x0000000080000000, 0x0000000100000000)
  region size 1024K, 3 young (3072K), 3 survivors (3072K)
 Metaspace       used 142969K, capacity 146861K, committed 147408K, reserved 1177600K
  class space    used 17144K, capacity 18575K, committed 18816K, reserved 1048576K
}
Event: 481.997 GC heap before
{Heap before GC invocations=139 (full 0):
 garbage-first heap   total 359424K, used 298670K [0x0000000080000000, 0x0000000100000000)
  region size 1024K, 128 young (131072K), 3 survivors (3072K)
 Metaspace       used 142991K, capacity 146928K, committed 147408K, reserved 1177600K
  class space    used 17146K, capacity 18576K, committed 18816K, reserved 1048576K
}
Event: 482.011 GC heap after
{Heap after GC invocations=140 (full 0):
 garbage-first heap   total 359424K, used 174622K [0x0000000080000000, 0x0000000100000000)
  region size 1024K, 6 young (6144K), 6 survivors (6144K)
 Metaspace       used 142991K, capacity 146928K, committed 147408K, reserved 1177600K
  class space    used 17146K, capacity 18576K, committed 18816K, reserved 1048576K
}

