# JRE version: OpenJDK Runtime Environment (11.0.13) (build 11.0.13+0-b1751.21-8125866)
# Java VM: OpenJDK 64-Bit Server VM (11.0.13+0-b1751.21-8125866, mixed mode, tiered, compressed oops, g1 gc, windows-amd64)
Heap:
 garbage-first heap   total 552960K, used 234358K [0x0000000080000000, 0x0000000100000000)
  region size 1024K, 3 young (3072K), 3 survivors (3072K)
 Metaspace       used 98874K, capacity 101619K, committed 101972K, reserved 1138688K
  class space    used 12788K, capacity 13832K, committed 13952K, reserved 1048576K
GC Heap History (20 events):
Event: 84.165 GC heap after
{Heap after GC invocations=56 (full 0):
 garbage-first heap   total 225280K, used 122338K [0x0000000080000000, 0x0000000100000000)
  region size 1024K, 1 young (1024K), 1 survivors (1024K)
 Metaspace       used 90903K, capacity 93312K, committed 93396K, reserved 1130496K
  class space    used 11609K, capacity 12530K, committed 12544K, reserved 1048576K
}
Event: 86.943 GC heap before
{Heap before GC invocations=56 (full 0):
 garbage-first heap   total 225280K, used 223714K [0x0000000080000000, 0x0000000100000000)
  region size 1024K, 47 young (48128K), 1 survivors (1024K)
 Metaspace       used 93887K, capacity 96463K, committed 96724K, reserved 1132544K
  class space    used 12025K, capacity 12985K, committed 13056K, reserved 1048576K
}
Event: 87.063 GC heap after
{Heap after GC invocations=57 (full 0):
 garbage-first heap   total 243712K, used 178467K [0x0000000080000000, 0x0000000100000000)
  region size 1024K, 8 young (8192K), 8 survivors (8192K)
 Metaspace       used 93887K, capacity 96463K, committed 96724K, reserved 1132544K
  class space    used 12025K, capacity 12985K, committed 13056K, reserved 1048576K
}
Event: 87.994 GC heap before
{Heap before GC invocations=58 (full 0):
 garbage-first heap   total 243712K, used 216355K [0x0000000080000000, 0x0000000100000000)
  region size 1024K, 34 young (34816K), 8 survivors (8192K)
 Metaspace       used 95244K, capacity 97791K, committed 97876K, reserved 1134592K
  class space    used 12220K, capacity 13171K, committed 13184K, reserved 1048576K
}
Event: 88.014 GC heap after
{Heap after GC invocations=59 (full 0):
 garbage-first heap   total 292864K, used 193395K [0x0000000080000000, 0x0000000100000000)
  region size 1024K, 5 young (5120K), 5 survivors (5120K)
 Metaspace       used 95244K, capacity 97791K, committed 97876K, reserved 1134592K
  class space    used 12220K, capacity 13171K, committed 13184K, reserved 1048576K
}
Event: 88.717 GC heap before
{Heap before GC invocations=59 (full 0):
 garbage-first heap   total 292864K, used 202611K [0x0000000080000000, 0x0000000100000000)
  region size 1024K, 14 young (14336K), 5 survivors (5120K)
 Metaspace       used 95406K, capacity 97951K, committed 98260K, reserved 1134592K
  class space    used 12252K, capacity 13203K, committed 13312K, reserved 1048576K
}
Event: 89.193 GC heap after
{Heap after GC invocations=60 (full 0):
 garbage-first heap   total 292864K, used 197450K [0x0000000080000000, 0x0000000100000000)
  region size 1024K, 2 young (2048K), 2 survivors (2048K)
 Metaspace       used 95406K, capacity 97951K, committed 98260K, reserved 1134592K
  class space    used 12252K, capacity 13203K, committed 13312K, reserved 1048576K
}
Event: 89.841 GC heap before
{Heap before GC invocations=60 (full 0):
 garbage-first heap   total 292864K, used 210762K [0x0000000080000000, 0x0000000100000000)
  region size 1024K, 14 young (14336K), 2 survivors (2048K)
 Metaspace       used 95564K, capacity 98111K, committed 98260K, reserved 1134592K
  class space    used 12276K, capacity 13235K, committed 13312K, reserved 1048576K
}
Event: 89.968 GC heap after
{Heap after GC invocations=61 (full 0):
 garbage-first heap   total 292864K, used 203776K [0x0000000080000000, 0x0000000100000000)
  region size 1024K, 2 young (2048K), 2 survivors (2048K)
 Metaspace       used 95564K, capacity 98111K, committed 98260K, reserved 1134592K
  class space    used 12276K, capacity 13235K, committed 13312K, reserved 1048576K
}
Event: 90.457 GC heap before
{Heap before GC invocations=61 (full 0):
 garbage-first heap   total 292864K, used 217088K [0x0000000080000000, 0x0000000100000000)
  region size 1024K, 14 young (14336K), 2 survivors (2048K)
 Metaspace       used 95992K, capacity 98619K, committed 98900K, reserved 1134592K
  class space    used 12334K, capacity 13342K, committed 13440K, reserved 1048576K
}
Event: 90.488 GC heap after
{Heap after GC invocations=62 (full 0):
 garbage-first heap   total 292864K, used 210514K [0x0000000080000000, 0x0000000100000000)
  region size 1024K, 2 young (2048K), 2 survivors (2048K)
 Metaspace       used 95992K, capacity 98619K, committed 98900K, reserved 1134592K
  class space    used 12334K, capacity 13342K, committed 13440K, reserved 1048576K
}
Event: 91.288 GC heap before
{Heap before GC invocations=62 (full 0):
 garbage-first heap   total 292864K, used 221778K [0x0000000080000000, 0x0000000100000000)
  region size 1024K, 14 young (14336K), 2 survivors (2048K)
 Metaspace       used 96918K, capacity 99573K, committed 99796K, reserved 1136640K
  class space    used 12513K, capacity 13534K, committed 13568K, reserved 1048576K
}
Event: 91.309 GC heap after
{Heap after GC invocations=63 (full 0):
 garbage-first heap   total 292864K, used 213595K [0x0000000080000000, 0x0000000100000000)
  region size 1024K, 2 young (2048K), 2 survivors (2048K)
 Metaspace       used 96918K, capacity 99573K, committed 99796K, reserved 1136640K
  class space    used 12513K, capacity 13534K, committed 13568K, reserved 1048576K
}
Event: 91.685 GC heap before
{Heap before GC invocations=63 (full 0):
 garbage-first heap   total 292864K, used 225883K [0x0000000080000000, 0x0000000100000000)
  region size 1024K, 14 young (14336K), 2 survivors (2048K)
 Metaspace       used 97590K, capacity 100229K, committed 100436K, reserved 1136640K
  class space    used 12618K, capacity 13647K, committed 13696K, reserved 1048576K
}
Event: 91.708 GC heap after
{Heap after GC invocations=64 (full 0):
 garbage-first heap   total 292864K, used 218542K [0x0000000080000000, 0x0000000100000000)
  region size 1024K, 2 young (2048K), 2 survivors (2048K)
 Metaspace       used 97590K, capacity 100229K, committed 100436K, reserved 1136640K
  class space    used 12618K, capacity 13647K, committed 13696K, reserved 1048576K
}
Event: 92.264 GC heap before
{Heap before GC invocations=64 (full 0):
 garbage-first heap   total 292864K, used 230830K [0x0000000080000000, 0x0000000100000000)
  region size 1024K, 15 young (15360K), 2 survivors (2048K)
 Metaspace       used 98006K, capacity 100717K, committed 101076K, reserved 1136640K
  class space    used 12679K, capacity 13704K, committed 13824K, reserved 1048576K
}
Event: 92.287 GC heap after
{Heap after GC invocations=65 (full 0):
 garbage-first heap   total 292864K, used 223391K [0x0000000080000000, 0x0000000100000000)
  region size 1024K, 2 young (2048K), 2 survivors (2048K)
 Metaspace       used 98006K, capacity 100717K, committed 101076K, reserved 1136640K
  class space    used 12679K, capacity 13704K, committed 13824K, reserved 1048576K
}
Event: 92.942 GC heap before
{Heap before GC invocations=65 (full 0):
 garbage-first heap   total 292864K, used 239775K [0x0000000080000000, 0x0000000100000000)
  region size 1024K, 18 young (18432K), 2 survivors (2048K)
 Metaspace       used 98455K, capacity 101186K, committed 101332K, reserved 1136640K
  class space    used 12743K, capacity 13774K, committed 13824K, reserved 1048576K
}
Event: 92.975 GC heap after
{Heap after GC invocations=66 (full 0):
 garbage-first heap   total 292864K, used 229376K [0x0000000080000000, 0x0000000100000000)
  region size 1024K, 3 young (3072K), 3 survivors (3072K)
 Metaspace       used 98455K, capacity 101186K, committed 101332K, reserved 1136640K
  class space    used 12743K, capacity 13774K, committed 13824K, reserved 1048576K
}
Event: 93.793 GC heap before
{Heap before GC invocations=66 (full 0):
 garbage-first heap   total 292864K, used 244736K [0x0000000080000000, 0x0000000100000000)
  region size 1024K, 18 young (18432K), 3 survivors (3072K)
 Metaspace       used 98874K, capacity 101619K, committed 101972K, reserved 1138688K
  class space    used 12788K, capacity 13832K, committed 13952K, reserved 1048576K
}

